<?xml version="1.0" encoding="UTF-8"?>
<testng-results ignored="0" total="1" passed="1" failed="0" skipped="0">
  <reporter-output>
  </reporter-output>
  <suite started-at="2025-03-15T17:18:50 IST" name="Default suite" finished-at="2025-03-15T17:18:56 IST" duration-ms="5956">
    <groups>
    </groups>
    <test started-at="2025-03-15T17:18:50 IST" name="Default test" finished-at="2025-03-15T17:18:56 IST" duration-ms="5956">
      <class name="AutomationQA.AutomationDemo.Util.SauceDemo">
        <test-method is-config="true" signature="setup()[pri:0, instance:AutomationQA.AutomationDemo.Util.SauceDemo@fa4c865]" started-at="2025-03-15T17:18:50 IST" name="setup" finished-at="2025-03-15T17:18:54 IST" duration-ms="3442" status="PASS">
          <reporter-output>
          </reporter-output>
        </test-method> <!-- setup -->
        <test-method signature="flow()[pri:0, instance:AutomationQA.AutomationDemo.Util.SauceDemo@fa4c865]" started-at="2025-03-15T17:18:54 IST" name="flow" finished-at="2025-03-15T17:18:56 IST" duration-ms="2451" status="PASS">
          <reporter-output>
          </reporter-output>
        </test-method> <!-- flow -->
      </class> <!-- AutomationQA.AutomationDemo.Util.SauceDemo -->
    </test> <!-- Default test -->
  </suite> <!-- Default suite -->
</testng-results>
